<?xml version="1.0" encoding="UTF-8"?>
<testng-results ignored="0" total="1" passed="1" failed="0" skipped="0">
  <reporter-output>
  </reporter-output>
  <suite started-at="2025-02-25T10:31:49 IST" name="Command line suite" finished-at="2025-02-25T10:46:28 IST" duration-ms="878214">
    <groups>
    </groups>
    <test started-at="2025-02-25T10:31:49 IST" name="Command line test" finished-at="2025-02-25T10:46:28 IST" duration-ms="878214">
      <class name="CBSV2Automation.RunAutomation">
        <test-method is-config="true" signature="capabilities()[pri:0, instance:CBSV2Automation.RunAutomation@1413c35e]" started-at="2025-02-25T10:31:49 IST" name="capabilities" finished-at="2025-02-25T10:31:49 IST" duration-ms="6" status="PASS">
          <reporter-output>
          </reporter-output>
        </test-method> <!-- capabilities -->
        <test-method signature="Login()[pri:0, instance:CBSV2Automation.RunAutomation@1413c35e]" started-at="2025-02-25T10:31:50 IST" name="Login" finished-at="2025-02-25T10:46:27 IST" duration-ms="877191" status="PASS">
          <reporter-output>
          </reporter-output>
        </test-method> <!-- Login -->
        <test-method is-config="true" signature="quitBrowser()[pri:0, instance:CBSV2Automation.RunAutomation@1413c35e]" started-at="2025-02-25T10:46:27 IST" name="quitBrowser" finished-at="2025-02-25T10:46:28 IST" duration-ms="1002" status="PASS">
          <reporter-output>
          </reporter-output>
        </test-method> <!-- quitBrowser -->
      </class> <!-- CBSV2Automation.RunAutomation -->
    </test> <!-- Command line test -->
  </suite> <!-- Command line suite -->
</testng-results>
